TN:
SF:src/modules/appointments/services/CreateAppointmentService.ts
FN:15,(anonymous_18)
FN:16,CreateAppointmentService
FN:21,(anonymous_20)
FNF:3
FNH:3
FNDA:1,(anonymous_18)
FNDA:2,CreateAppointmentService
FNDA:3,(anonymous_20)
DA:1,1
DA:3,1
DA:6,1
DA:15,1
DA:18,2
DA:21,3
DA:22,3
DA:23,3
DA:27,3
DA:28,1
DA:31,2
DA:36,2
DA:38,1
DA:40,1
LF:14
LH:14
BRDA:27,0,0,1
BRDA:27,0,1,2
BRF:2
BRH:2
end_of_record
TN:
SF:src/modules/users/services/AuthenticateUserService.ts
FN:20,(anonymous_18)
FN:21,AuthenticateUserService
FN:28,(anonymous_20)
FNF:3
FNH:3
FNDA:1,(anonymous_18)
FNDA:3,AuthenticateUserService
FNDA:3,(anonymous_20)
DA:1,1
DA:2,1
DA:3,1
DA:5,1
DA:20,1
DA:23,3
DA:25,3
DA:28,3
DA:29,3
DA:31,3
DA:32,1
DA:35,2
DA:40,2
DA:41,1
DA:44,1
DA:49,1
DA:51,1
LF:17
LH:17
BRDA:29,0,0,3
BRDA:31,1,0,1
BRDA:31,1,1,2
BRDA:40,2,0,1
BRDA:40,2,1,1
BRF:5
BRH:5
end_of_record
TN:
SF:src/modules/users/services/CreateUserService.ts
FN:14,(anonymous_18)
FN:15,CreateUserService
FN:22,(anonymous_20)
FNF:3
FNH:3
FNDA:3,(anonymous_18)
FNDA:8,CreateUserService
FNDA:7,(anonymous_20)
DA:1,3
DA:2,3
DA:14,3
DA:17,8
DA:19,8
DA:22,7
DA:23,7
DA:25,7
DA:26,1
DA:29,6
DA:31,6
DA:37,6
DA:39,3
LF:13
LH:13
BRDA:23,0,0,7
BRDA:25,1,0,1
BRDA:25,1,1,6
BRF:3
BRH:3
end_of_record
TN:
SF:src/modules/users/services/ResetPasswordService.ts
FN:15,(anonymous_18)
FN:16,ResetPasswordService
FN:25,(anonymous_20)
FNF:3
FNH:3
FNDA:1,(anonymous_18)
FNDA:4,ResetPasswordService
FNDA:4,(anonymous_20)
DA:1,1
DA:2,1
DA:5,1
DA:15,1
DA:18,4
DA:20,4
DA:22,4
DA:25,4
DA:26,4
DA:28,4
DA:29,1
DA:32,3
DA:34,3
DA:35,1
DA:38,2
DA:39,2
DA:41,2
DA:42,1
DA:45,1
DA:47,1
DA:49,1
LF:21
LH:21
BRDA:26,0,0,4
BRDA:28,1,0,1
BRDA:28,1,1,3
BRDA:34,2,0,1
BRDA:34,2,1,2
BRDA:41,3,0,1
BRDA:41,3,1,1
BRF:7
BRH:7
end_of_record
TN:
SF:src/modules/users/services/SendForgotPasswordEmailService.ts
FN:13,(anonymous_18)
FN:14,SendForgotPasswordEmailService
FN:23,(anonymous_20)
FNF:3
FNH:3
FNDA:1,(anonymous_18)
FNDA:3,SendForgotPasswordEmailService
FNDA:3,(anonymous_20)
DA:1,1
DA:2,1
DA:5,1
DA:13,1
DA:16,3
DA:18,3
DA:20,3
DA:23,3
DA:24,3
DA:26,3
DA:27,1
DA:30,2
DA:32,2
DA:39,4
DA:54,1
LF:15
LH:15
BRDA:24,0,0,3
BRDA:26,1,0,1
BRDA:26,1,1,2
BRF:3
BRH:3
end_of_record
TN:
SF:src/modules/users/services/UpdateUserAvatarService.ts
FN:13,(anonymous_18)
FN:14,UpdateUserAvatarService
FN:21,(anonymous_20)
FNF:3
FNH:3
FNDA:1,(anonymous_18)
FNDA:3,UpdateUserAvatarService
FNDA:4,(anonymous_20)
DA:1,1
DA:2,1
DA:13,1
DA:16,3
DA:18,3
DA:21,4
DA:22,4
DA:24,4
DA:25,1
DA:28,5
DA:29,2
DA:32,3
DA:34,3
DA:36,6
DA:38,3
DA:40,1
LF:16
LH:16
BRDA:22,0,0,4
BRDA:22,0,1,3
BRDA:24,1,0,1
BRDA:24,1,1,3
BRDA:28,2,0,2
BRDA:28,2,1,1
BRF:6
BRH:6
end_of_record
