TN:
SF:src/modules/appointments/services/CreateAppointmentService.ts
FN:15,(anonymous_18)
FN:16,CreateAppointmentService
FN:21,(anonymous_20)
FNF:3
FNH:3
FNDA:1,(anonymous_18)
FNDA:2,CreateAppointmentService
FNDA:3,(anonymous_20)
DA:1,1
DA:3,1
DA:6,1
DA:15,1
DA:18,2
DA:21,3
DA:22,3
DA:23,3
DA:27,3
DA:28,1
DA:31,2
DA:36,2
DA:38,1
DA:40,1
LF:14
LH:14
BRDA:27,0,0,1
BRDA:27,0,1,2
BRF:2
BRH:2
end_of_record
TN:
SF:src/modules/users/services/AuthenticateUserService.ts
FN:20,(anonymous_18)
FN:21,AuthenticateUserService
FN:28,(anonymous_20)
FNF:3
FNH:3
FNDA:1,(anonymous_18)
FNDA:1,AuthenticateUserService
FNDA:1,(anonymous_20)
DA:1,1
DA:2,1
DA:3,1
DA:5,1
DA:20,1
DA:23,1
DA:25,1
DA:28,1
DA:29,1
DA:31,1
DA:32,0
DA:35,1
DA:40,1
DA:41,0
DA:44,1
DA:49,1
DA:51,1
LF:17
LH:15
BRDA:29,0,0,1
BRDA:31,1,0,0
BRDA:31,1,1,1
BRDA:40,2,0,0
BRDA:40,2,1,1
BRF:5
BRH:3
end_of_record
TN:
SF:src/modules/users/services/CreateUserService.ts
FN:14,(anonymous_18)
FN:15,CreateUserService
FN:22,(anonymous_20)
FNF:3
FNH:3
FNDA:2,(anonymous_18)
FNDA:3,CreateUserService
FNDA:4,(anonymous_20)
DA:1,2
DA:2,2
DA:14,2
DA:17,3
DA:19,3
DA:22,4
DA:23,4
DA:25,4
DA:26,1
DA:29,3
DA:31,3
DA:37,3
DA:39,2
LF:13
LH:13
BRDA:23,0,0,4
BRDA:25,1,0,1
BRDA:25,1,1,3
BRF:3
BRH:3
end_of_record
TN:
SF:src/modules/users/services/UpdateUserAvatarService.ts
FN:15,(anonymous_18)
FN:16,UpdateUserAvatarService
FN:21,(anonymous_20)
FNF:3
FNH:0
FNDA:0,(anonymous_18)
FNDA:0,UpdateUserAvatarService
FNDA:0,(anonymous_20)
DA:1,0
DA:2,0
DA:3,0
DA:4,0
DA:5,0
DA:15,0
DA:18,0
DA:21,0
DA:22,0
DA:24,0
DA:25,0
DA:28,0
DA:29,0
DA:30,0
DA:32,0
DA:33,0
DA:37,0
DA:39,0
DA:41,0
DA:43,0
LF:20
LH:0
BRDA:22,0,0,0
BRDA:24,1,0,0
BRDA:24,1,1,0
BRDA:28,2,0,0
BRDA:28,2,1,0
BRDA:32,3,0,0
BRDA:32,3,1,0
BRF:7
BRH:0
end_of_record
